<?xml version="1.0" encoding="UTF-8"?>
<!-- Generated by org.testng.reporters.JUnitXMLReporter -->
<testsuite ignored="9" hostname="LAPTOP-LG4SJ8C5" failures="0" tests="1" name="Default test" time="3.301" errors="0" timestamp="2025-04-01T19:13:45 IST">
  <testcase classname="testScripts.AdminUserTest" name="verifyWhetherAdminisAbleToResetAdminUsersInformation" time="1.036"/>
  <testcase classname="testScripts.AdminUserTest" name="verifyWhetherAdminisabletoCreateNewUser" time="0.0">
    <ignored/>
  </testcase> <!-- verifyWhetherAdminisabletoCreateNewUser -->
  <testcase classname="testScripts.AdminUserTest" name="verifyWhetherUserIsAbleToClickonStatusButton" time="0.0">
    <ignored/>
  </testcase> <!-- verifyWhetherUserIsAbleToClickonStatusButton -->
  <testcase classname="testScripts.AdminUserTest" name="verifyNewButtonColor" time="0.0">
    <ignored/>
  </testcase> <!-- verifyNewButtonColor -->
  <testcase classname="testScripts.AdminUserTest" name="verifyWhetherAdminisAbletoAddUsers" time="0.0">
    <ignored/>
  </testcase> <!-- verifyWhetherAdminisAbletoAddUsers -->
  <testcase classname="testScripts.AdminUserTest" name="verifyWhetherAdminisAbleToAddNewUser" time="0.0">
    <ignored/>
  </testcase> <!-- verifyWhetherAdminisAbleToAddNewUser -->
  <testcase classname="testScripts.AdminUserTest" name="verifyWhetherNewButtonIsClickable" time="0.0">
    <ignored/>
  </testcase> <!-- verifyWhetherNewButtonIsClickable -->
  <testcase classname="testScripts.AdminUserTest" name="verifyWhetherAdminisAbleToSearchUsers" time="0.0">
    <ignored/>
  </testcase> <!-- verifyWhetherAdminisAbleToSearchUsers -->
  <testcase classname="testScripts.AdminUserTest" name="ExcelCheck" time="0.0">
    <ignored/>
  </testcase> <!-- ExcelCheck -->
  <testcase classname="testScripts.AdminUserTest" name="verifyWhetherAdminisAbleToClickResetButton" time="0.0">
    <ignored/>
  </testcase> <!-- verifyWhetherAdminisAbleToClickResetButton -->
</testsuite> <!-- Default test -->
