<?xml version="1.0" encoding="UTF-8"?>
<testng-results ignored="0" total="0" passed="0" failed="0" skipped="0">
  <reporter-output>
  </reporter-output>
  <suite started-at="2025-04-03T07:35:07 IST" name="regression" finished-at="2025-04-03T07:35:07 IST" duration-ms="15">
    <groups>
    </groups>
    <test started-at="2025-04-03T07:35:07 IST" name="execution" finished-at="2025-04-03T07:35:07 IST" duration-ms="15">
    </test> <!-- execution -->
  </suite> <!-- regression -->
</testng-results>
