<?xml version="1.0" encoding="UTF-8"?>
<!-- Generated by org.testng.reporters.JUnitXMLReporter -->
<testsuite ignored="0" hostname="LAPTOP-LG4SJ8C5" failures="0" tests="5" name="firefox" time="17.262" errors="0" timestamp="2025-03-31T08:11:01 IST">
  <testcase classname="testScripts.AdminUserTest" name="ExcelCheck" time="0.827"/>
  <testcase classname="testScripts.AdminUserTest" name="verifyNewButtonColor" time="1.21"/>
  <testcase classname="testScripts.AdminUserTest" name="verifyWhetherAdminisAbleToAddNewUser" time="1.295"/>
  <testcase classname="testScripts.AdminUserTest" name="verifyWhetherAdminisabletoCreateNewUser" time="1.231"/>
  <testcase classname="testScripts.AdminUserTest" name="verifyWhetherNewButtonIsClickable" time="1.818"/>
</testsuite> <!-- firefox -->
